
ROM used: 1232 (30%)
          1232 (30%) including unused fragments

          2 Average locations per line
          5 Average locations per statement

RAM used: 65 (37%) at main() level
          73 (42%) worst case

Lines Stmts  %   Files
----- ----- ---  -----
  235   257 100  D:\KAKLIK\programy\PIC_C\roboti\merkur\PIC16F88\vystava\tank.c
    6     0   0  D:\KAKLIK\programy\PIC_C\roboti\merkur\PIC16F88\vystava\tank.h
  275     0   0  C:\Program Files\PICC\devices\16F88.h
----- -----
 1032   514 Total

Page ROM  %  RAM  Functions:
---- --- --- ---  ----------
0     21   2   1  @delay_ms1
0     19   2   1  @delay_us1
0     11   1   0  TIMER2_isr
0     38   3   6  beep
0    352  29   3  diagnostika
0    158  13   3  OtocSe
0    578  47   5  main

 Segment   Used  Free
---------  ----  ----
00000-00003     4  0
00004-00036    51  0
00037-007FF  1177  816
00800-00FFF     0  2048

