
ROM used: 1587 (39%)
          1587 (39%) including unused fragments

          2 Average locations per line
          4 Average locations per statement

RAM used: 87 (50%) at main() level
          98 (56%) worst case

Lines Stmts  %   Files
----- ----- ---  -----
  340   357  84  D:\KAKLIK\programy\PIC_C\roboti\merkur\PIC16F88\turn_R\tank.c
    6     0   0  D:\KAKLIK\programy\PIC_C\roboti\merkur\PIC16F88\turn_R\tank.h
  275     0   0  C:\Program Files\PICC\devices\16F88.h
  136    67   9  D:\KAKLIK\programy\PIC_C\roboti\merkur\PIC16F88\turn_R\AX25.c
----- -----
 1514   848 Total

Page ROM  %  RAM  Functions:
---- --- --- ---  ----------
0     21   1   1  @delay_ms1
0     21   1   1  @delay_us1
0     16   1   0  TIMER2_isr
0     44   3   6  beep
0    352  22   3  diagnostika
0    140   9   3  cikcak
0    253  16   3  objizdka
0    236  15   4  prejeddiru
0    449  28   3  main

 Segment   Used  Free
---------  ----  ----
00000-00003     4  0
00004-00036    51  0
00037-007FF  1532  461
00800-00FFF     0  2048

